<?xml version="1.0" encoding="UTF-8"?>
<testng-results total="4" passed="3" failed="1" skipped="0">
  <reporter-output>
  </reporter-output>
  <suite started-at="2019-12-27T04:01:51Z" name="Suite" finished-at="2019-12-27T04:02:51Z" duration-ms="59708">
    <groups>
    </groups>
    <test started-at="2019-12-27T04:01:51Z" name="Test" finished-at="2019-12-27T04:01:51Z" duration-ms="10">
    </test> <!-- Test -->
    <test started-at="2019-12-27T04:01:51Z" name="Validating Text" finished-at="2019-12-27T04:02:07Z" duration-ms="15761">
      <class name="Academy.ValidateText">
        <test-method is-config="true" signature="initialize()[pri:0, instance:Academy.ValidateText@6bb75258]" started-at="2019-12-27T09:31:51Z" name="initialize" finished-at="2019-12-27T09:32:04Z" duration-ms="13073" status="PASS">
          <reporter-output>
          </reporter-output>
        </test-method> <!-- initialize -->
        <test-method signature="validateText()[pri:0, instance:Academy.ValidateText@6bb75258]" started-at="2019-12-27T09:32:04Z" name="validateText" finished-at="2019-12-27T09:32:04Z" duration-ms="241" status="FAIL">
          <exception class="java.lang.AssertionError">
            <message>
              <![CDATA[expected [FEATURED COURSES123] but found [FEATURED COURSES]]]>
            </message>
            <full-stacktrace>
              <![CDATA[java.lang.AssertionError: expected [FEATURED COURSES123] but found [FEATURED COURSES]
	at org.testng.Assert.fail(Assert.java:94)
	at org.testng.Assert.failNotEquals(Assert.java:494)
	at org.testng.Assert.assertEquals(Assert.java:123)
	at org.testng.Assert.assertEquals(Assert.java:176)
	at org.testng.Assert.assertEquals(Assert.java:186)
	at Academy.ValidateText.validateText(ValidateText.java:34)
	at java.base/jdk.internal.reflect.NativeMethodAccessorImpl.invoke0(Native Method)
	at java.base/jdk.internal.reflect.NativeMethodAccessorImpl.invoke(NativeMethodAccessorImpl.java:62)
	at java.base/jdk.internal.reflect.DelegatingMethodAccessorImpl.invoke(DelegatingMethodAccessorImpl.java:43)
	at java.base/java.lang.reflect.Method.invoke(Method.java:567)
	at org.testng.internal.MethodInvocationHelper.invokeMethod(MethodInvocationHelper.java:80)
	at org.testng.internal.Invoker.invokeMethod(Invoker.java:714)
	at org.testng.internal.Invoker.invokeTestMethod(Invoker.java:901)
	at org.testng.internal.Invoker.invokeTestMethods(Invoker.java:1231)
	at org.testng.internal.TestMethodWorker.invokeTestMethods(TestMethodWorker.java:127)
	at org.testng.internal.TestMethodWorker.run(TestMethodWorker.java:111)
	at org.testng.TestRunner.privateRun(TestRunner.java:767)
	at org.testng.TestRunner.run(TestRunner.java:617)
	at org.testng.SuiteRunner.runTest(SuiteRunner.java:334)
	at org.testng.SuiteRunner.runSequentially(SuiteRunner.java:329)
	at org.testng.SuiteRunner.privateRun(SuiteRunner.java:291)
	at org.testng.SuiteRunner.run(SuiteRunner.java:240)
	at org.testng.SuiteRunnerWorker.runSuite(SuiteRunnerWorker.java:52)
	at org.testng.SuiteRunnerWorker.run(SuiteRunnerWorker.java:86)
	at org.testng.TestNG.runSuitesSequentially(TestNG.java:1198)
	at org.testng.TestNG.runSuitesLocally(TestNG.java:1123)
	at org.testng.TestNG.run(TestNG.java:1031)
	at org.testng.remote.AbstractRemoteTestNG.run(AbstractRemoteTestNG.java:115)
	at org.testng.remote.RemoteTestNG.initAndRun(RemoteTestNG.java:251)
	at org.testng.remote.RemoteTestNG.main(RemoteTestNG.java:77)
]]>
            </full-stacktrace>
          </exception> <!-- java.lang.AssertionError -->
          <reporter-output>
          </reporter-output>
        </test-method> <!-- validateText -->
        <test-method is-config="true" signature="tearDown()[pri:0, instance:Academy.ValidateText@6bb75258]" started-at="2019-12-27T09:32:07Z" name="tearDown" finished-at="2019-12-27T09:32:07Z" duration-ms="178" status="PASS">
          <reporter-output>
          </reporter-output>
        </test-method> <!-- tearDown -->
      </class> <!-- Academy.ValidateText -->
    </test> <!-- Validating Text -->
    <test started-at="2019-12-27T04:02:07Z" name="Validating Navigation Bar" finished-at="2019-12-27T04:02:15Z" duration-ms="7788">
      <class name="Academy.ValidateNavigationBar">
        <test-method is-config="true" signature="initialize()[pri:0, instance:Academy.ValidateNavigationBar@305f7627]" started-at="2019-12-27T09:32:07Z" name="initialize" finished-at="2019-12-27T09:32:14Z" duration-ms="7390" status="PASS">
          <reporter-output>
          </reporter-output>
        </test-method> <!-- initialize -->
        <test-method signature="validateText()[pri:0, instance:Academy.ValidateNavigationBar@305f7627]" started-at="2019-12-27T09:32:14Z" name="validateText" finished-at="2019-12-27T09:32:15Z" duration-ms="249" status="PASS">
          <reporter-output>
          </reporter-output>
        </test-method> <!-- validateText -->
        <test-method is-config="true" signature="tearDown()[pri:0, instance:Academy.ValidateNavigationBar@305f7627]" started-at="2019-12-27T09:32:15Z" name="tearDown" finished-at="2019-12-27T09:32:15Z" duration-ms="142" status="PASS">
          <reporter-output>
          </reporter-output>
        </test-method> <!-- tearDown -->
      </class> <!-- Academy.ValidateNavigationBar -->
    </test> <!-- Validating Navigation Bar -->
    <test started-at="2019-12-27T04:02:15Z" name="Validating User login" finished-at="2019-12-27T04:02:51Z" duration-ms="36050">
      <class name="Academy.HomePage">
        <test-method is-config="true" signature="initialize()[pri:0, instance:Academy.HomePage@557a1e2d]" started-at="2019-12-27T09:32:15Z" name="initialize" finished-at="2019-12-27T09:32:17Z" duration-ms="2374" status="PASS">
          <reporter-output>
          </reporter-output>
        </test-method> <!-- initialize -->
        <test-method signature="basePageNavigation(java.lang.String, java.lang.String)[pri:0, instance:Academy.HomePage@557a1e2d]" started-at="2019-12-27T09:32:17Z" name="basePageNavigation" data-provider="getData" finished-at="2019-12-27T09:32:36Z" duration-ms="18867" status="PASS">
          <params>
            <param index="0">
              <value>
                <![CDATA[abc@gmail.com]]>
              </value>
            </param>
            <param index="1">
              <value>
                <![CDATA[abc@1234]]>
              </value>
            </param>
          </params>
          <reporter-output>
          </reporter-output>
        </test-method> <!-- basePageNavigation -->
        <test-method signature="basePageNavigation(java.lang.String, java.lang.String)[pri:0, instance:Academy.HomePage@557a1e2d]" started-at="2019-12-27T09:32:36Z" name="basePageNavigation" data-provider="getData" finished-at="2019-12-27T09:32:51Z" duration-ms="14584" status="PASS">
          <params>
            <param index="0">
              <value>
                <![CDATA[abcd@gmail.com]]>
              </value>
            </param>
            <param index="1">
              <value>
                <![CDATA[abac@1234]]>
              </value>
            </param>
          </params>
          <reporter-output>
          </reporter-output>
        </test-method> <!-- basePageNavigation -->
        <test-method is-config="true" signature="tearDown()[pri:0, instance:Academy.HomePage@557a1e2d]" started-at="2019-12-27T09:32:51Z" name="tearDown" finished-at="2019-12-27T09:32:51Z" duration-ms="218" status="PASS">
          <reporter-output>
          </reporter-output>
        </test-method> <!-- tearDown -->
      </class> <!-- Academy.HomePage -->
    </test> <!-- Validating User login -->
  </suite> <!-- Suite -->
</testng-results>
